<?xml version="1.0" encoding="UTF-8" ?>
<testsuite failures="0" time="0.028" errors="0" skipped="0" tests="3" name="com.badbears.trainzz.engine.BoardTest">
  <properties>
[...]
</properties>
  <testcase time="0.008" classname="com.badbears.trainzz.engine.BoardTest" name="testAddTrain"/>
  <testcase time="0.002" classname="com.badbears.trainzz.engine.BoardTest" name="testGetEndElements"/>
  <testcase time="0" classname="com.badbears.trainzz.engine.BoardTest" name="testGetNextElements"/>
</testsuite>